<?xml version="1.0" encoding="UTF-8"?>
<testng-results skipped="0" failed="0" ignored="0" total="1" passed="1">
  <reporter-output>
  </reporter-output>
  <suite name="Default suite" duration-ms="10668" started-at="2020-04-04T08:25:00Z" finished-at="2020-04-04T08:25:11Z">
    <groups>
    </groups>
    <test name="Default test" duration-ms="10668" started-at="2020-04-04T08:25:00Z" finished-at="2020-04-04T08:25:11Z">
      <class name="api.tests.CreateIncidentTests">
        <test-method status="PASS" signature="setUp()[pri:0, instance:api.tests.CreateIncidentTests@5e316c74]" name="setUp" is-config="true" duration-ms="882" started-at="2020-04-04T08:25:00Z" finished-at="2020-04-04T08:25:01Z">
          <reporter-output>
          </reporter-output>
        </test-method> <!-- setUp -->
        <test-method status="PASS" signature="incidentCreation()[pri:0, instance:api.tests.CreateIncidentTests@5e316c74]" name="incidentCreation" duration-ms="9500" started-at="2020-04-04T08:25:01Z" finished-at="2020-04-04T08:25:11Z">
          <reporter-output>
          </reporter-output>
        </test-method> <!-- incidentCreation -->
      </class> <!-- api.tests.CreateIncidentTests -->
    </test> <!-- Default test -->
  </suite> <!-- Default suite -->
</testng-results>
